Arguments: 
  /Users/Atusik/.nvm/versions/node/v14.16.0/bin/node /Users/Atusik/.yvm/versions/v1.22.5/bin/yarn.js init

PATH: 
  /Users/Atusik/.nvm/versions/node/v14.16.0/bin:/Users/Atusik/.nvm/versions/node/v14.16.0/bin:/usr/local/sbin:/Users/Atusik/.yvm/shim:/Users/Atusik/.nvm/versions/node/v14.16.0/bin:/usr/local/bin:/usr/bin:/bin:/usr/sbin:/sbin:/usr/local/share/dotnet:~/.dotnet/tools:/Library/Frameworks/Mono.framework/Versions/Current/Commands:/usr/local/sbin:/Users/Atusik/.yvm/shim:/Users/Atusik/.nvm/versions/node/v14.16.0/bin

Yarn version: 
  1.22.5

Node version: 
  14.16.0

Platform: 
  darwin x64

Trace: 
  Error: canceled
      at Interface.<anonymous> (/Users/Atusik/.yvm/versions/v1.22.5/lib/cli.js:137009:13)
      at Interface.emit (events.js:315:20)
      at Interface._ttyWrite (readline.js:875:16)
      at ReadStream.onkeypress (readline.js:213:10)
      at ReadStream.emit (events.js:315:20)
      at emitKeys (internal/readline/utils.js:345:14)
      at emitKeys.next (<anonymous>)
      at ReadStream.onData (readline.js:1144:36)
      at ReadStream.emit (events.js:315:20)
      at addChunk (internal/streams/readable.js:309:12)

npm manifest: 
  No manifest

yarn manifest: 
  No manifest

Lockfile: 
  No lockfile
